2025-04-27 15:24:15.423438: I tensorflow/core/util/port.cc:153] oneDNN custom operations are on. You may see slightly different numerical results due to floating-point round-off errors from different computation orders. To turn them off, set the environment variable `TF_ENABLE_ONEDNN_OPTS=0`.
2025-04-27 15:24:15.562024: E external/local_xla/xla/stream_executor/cuda/cuda_fft.cc:467] Unable to register cuFFT factory: Attempting to register factory for plugin cuFFT when one has already been registered
WARNING: All log messages before absl::InitializeLog() is called are written to STDERR
E0000 00:00:1745760255.609430 1773843 cuda_dnn.cc:8579] Unable to register cuDNN factory: Attempting to register factory for plugin cuDNN when one has already been registered
E0000 00:00:1745760255.620308 1773843 cuda_blas.cc:1407] Unable to register cuBLAS factory: Attempting to register factory for plugin cuBLAS when one has already been registered
W0000 00:00:1745760255.702624 1773843 computation_placer.cc:177] computation placer already registered. Please check linkage and avoid linking the same target more than once.
W0000 00:00:1745760255.702690 1773843 computation_placer.cc:177] computation placer already registered. Please check linkage and avoid linking the same target more than once.
W0000 00:00:1745760255.702697 1773843 computation_placer.cc:177] computation placer already registered. Please check linkage and avoid linking the same target more than once.
W0000 00:00:1745760255.702703 1773843 computation_placer.cc:177] computation placer already registered. Please check linkage and avoid linking the same target more than once.
2025-04-27 15:24:15.710462: I tensorflow/core/platform/cpu_feature_guard.cc:210] This TensorFlow binary is optimized to use available CPU instructions in performance-critical operations.
To enable the following instructions: AVX2 AVX512F AVX512_VNNI FMA, in other operations, rebuild TensorFlow with the appropriate compiler flags.
wandb: Using wandb-core as the SDK backend.  Please refer to https://wandb.me/wandb-core for more information.
wandb: Currently logged in as: fragmential (fragmential-university-of-amsterdam) to https://api.wandb.ai. Use `wandb login --relogin` to force relogin
wandb: Tracking run with wandb version 0.19.9
wandb: Run data is saved locally in /gpfs/home5/scur2588/team_git/erwin/experiments/wandb/run-20250427_152427-ff2rchlj
wandb: Run `wandb offline` to turn off syncing.
wandb: Syncing run erwin_shapenet
wandb: ⭐️ View project at https://wandb.ai/fragmential-university-of-amsterdam/ballformer
wandb: 🚀 View run at https://wandb.ai/fragmential-university-of-amsterdam/ballformer/runs/ff2rchlj
using LucidRains
USE_FLEX_ATTN: False
PER_BALL: True
Traceback (most recent call last):
  File "/gpfs/home5/scur2588/team_git/erwin/experiments/train_shapenet.py", line 167, in <module>
    fit(config, model, optimizer, scheduler, train_loader, valid_loader, test_loader, num_epochs, args.val_every_iter)
  File "/gpfs/home5/scur2588/team_git/erwin/experiments/../../erwin/training.py", line 136, in fit
    stat_dict = train_step(model, batch, optimizer, scheduler)
  File "/gpfs/home5/scur2588/team_git/erwin/experiments/../../erwin/training.py", line 61, in train_step
    stat_dict = model.training_step(batch)
  File "/gpfs/home5/scur2588/team_git/erwin/experiments/../../erwin/experiments/wrappers/shapenet.py", line 46, in training_step
    return self.step(batch, "train")
  File "/gpfs/home5/scur2588/team_git/erwin/experiments/../../erwin/experiments/wrappers/shapenet.py", line 40, in step
    pred = self(**batch).squeeze(-1)
  File "/gpfs/home5/scur2588/team_git/erwin/erwin/lib64/python3.9/site-packages/torch/nn/modules/module.py", line 1736, in _wrapped_call_impl
    return self._call_impl(*args, **kwargs)
  File "/gpfs/home5/scur2588/team_git/erwin/erwin/lib64/python3.9/site-packages/torch/nn/modules/module.py", line 1747, in _call_impl
    return forward_call(*args, **kwargs)
  File "/gpfs/home5/scur2588/team_git/erwin/experiments/../../erwin/experiments/wrappers/shapenet.py", line 31, in forward
    return self.pred_head(self.main_model(node_features, node_positions, **kwargs))
  File "/gpfs/home5/scur2588/team_git/erwin/erwin/lib64/python3.9/site-packages/torch/nn/modules/module.py", line 1736, in _wrapped_call_impl
    return self._call_impl(*args, **kwargs)
  File "/gpfs/home5/scur2588/team_git/erwin/erwin/lib64/python3.9/site-packages/torch/nn/modules/module.py", line 1747, in _call_impl
    return forward_call(*args, **kwargs)
  File "/gpfs/home5/scur2588/team_git/erwin/experiments/../../erwin/models/erwin.py", line 598, in forward
    printd(f"\n    encoder {i}")
TypeError: printd() takes 0 positional arguments but 1 was given
[1;34mwandb[0m: 
[1;34mwandb[0m: 🚀 View run [33merwin_shapenet[0m at: [34mhttps://wandb.ai/fragmential-university-of-amsterdam/ballformer/runs/ff2rchlj[0m
[1;34mwandb[0m: Find logs at: [1;35mwandb/run-20250427_152427-ff2rchlj/logs[0m

JOB STATISTICS
==============
Job ID: 11410038
Cluster: snellius
User/Group: scur2588/scur2588
State: RUNNING
Nodes: 1
Cores per node: 18
CPU Utilized: 00:00:00
CPU Efficiency: 0.00% of 00:13:30 core-walltime
Job Wall-clock time: 00:00:45
Memory Utilized: 0.00 MB
Memory Efficiency: 0.00% of 120.00 GB (120.00 GB/node)
WARNING: Efficiency statistics can only be obtained after the job has ended as seff tool is based on the accounting database data.
