2025-04-25 18:21:17.171387: I tensorflow/core/util/port.cc:153] oneDNN custom operations are on. You may see slightly different numerical results due to floating-point round-off errors from different computation orders. To turn them off, set the environment variable `TF_ENABLE_ONEDNN_OPTS=0`.
2025-04-25 18:21:17.279317: E external/local_xla/xla/stream_executor/cuda/cuda_fft.cc:467] Unable to register cuFFT factory: Attempting to register factory for plugin cuFFT when one has already been registered
WARNING: All log messages before absl::InitializeLog() is called are written to STDERR
E0000 00:00:1745598077.320587 2360840 cuda_dnn.cc:8579] Unable to register cuDNN factory: Attempting to register factory for plugin cuDNN when one has already been registered
E0000 00:00:1745598077.335479 2360840 cuda_blas.cc:1407] Unable to register cuBLAS factory: Attempting to register factory for plugin cuBLAS when one has already been registered
W0000 00:00:1745598077.414705 2360840 computation_placer.cc:177] computation placer already registered. Please check linkage and avoid linking the same target more than once.
W0000 00:00:1745598077.414766 2360840 computation_placer.cc:177] computation placer already registered. Please check linkage and avoid linking the same target more than once.
W0000 00:00:1745598077.414772 2360840 computation_placer.cc:177] computation placer already registered. Please check linkage and avoid linking the same target more than once.
W0000 00:00:1745598077.414777 2360840 computation_placer.cc:177] computation placer already registered. Please check linkage and avoid linking the same target more than once.
2025-04-25 18:21:17.422541: I tensorflow/core/platform/cpu_feature_guard.cc:210] This TensorFlow binary is optimized to use available CPU instructions in performance-critical operations.
To enable the following instructions: AVX2 AVX512F AVX512_VNNI FMA, in other operations, rebuild TensorFlow with the appropriate compiler flags.
wandb: Using wandb-core as the SDK backend.  Please refer to https://wandb.me/wandb-core for more information.
wandb: Currently logged in as: fragmential (fragmential-university-of-amsterdam) to https://api.wandb.ai. Use `wandb login --relogin` to force relogin
wandb: Tracking run with wandb version 0.19.9
wandb: Run data is saved locally in /gpfs/home5/scur2588/team_git/erwin/experiments/wandb/run-20250425_182122-anphqsjb
wandb: Run `wandb offline` to turn off syncing.
wandb: Syncing run erwin_shapenet
wandb: ⭐️ View project at https://wandb.ai/fragmential-university-of-amsterdam/ballformer
wandb: 🚀 View run at https://wandb.ai/fragmential-university-of-amsterdam/ballformer/runs/anphqsjb
using LucidRains

    encoder 0
Erwin transformer blocks:
0 1 2 3 4 5 
    bottleneck
Erwin transformer blocks:
0 1 2 3 4 5 
    decoder 0
Erwin transformer blocks:
0 1 2 3 4 5 
    encoder 0
Erwin transformer blocks:
0 1 2 3 4 5 
    bottleneck
Erwin transformer blocks:
0 1 2 3 4 5 
    decoder 0
Erwin transformer blocks:
0 1 2 3 4 5 
    encoder 0
Erwin transformer blocks:
0 1 2 3 4 5 
    bottleneck
Erwin transformer blocks:
0 1 2 3 4 5 
    decoder 0
Erwin transformer blocks:
0 1 2 3 4 5 
    encoder 0
Erwin transformer blocks:
0 1 2 3 4 5 
    bottleneck
Erwin transformer blocks:
0 1 2 3 4 5 
    decoder 0
Erwin transformer blocks:
0 1 2 3 4 5 
    encoder 0
Erwin transformer blocks:
0 1 2 3 4 5 
    bottleneck
Erwin transformer blocks:
0 1 2 3 4 5 
    decoder 0
Erwin transformer blocks:
0 1 2 3 4 5 
    encoder 0
Erwin transformer blocks:
0 1 2 3 4 5 
    bottleneck
Erwin transformer blocks:
0 1 2 3 4 5 
    decoder 0
Erwin transformer blocks:
0 1 2 3 4 5 
    encoder 0
Erwin transformer blocks:
0 1 2 3 4 5 
    bottleneck
Erwin transformer blocks:
0 1 2 3 4 5 
    decoder 0
Erwin transformer blocks:
0 1 2 3 4 5 
    encoder 0
Erwin transformer blocks:
0 1 2 3 4 5 
    bottleneck
Erwin transformer blocks:
0 1 2 3 4 5 
    decoder 0
Erwin transformer blocks:
0 1 2 3 4 5 
    encoder 0
Erwin transformer blocks:
0 1 2 3 4 5 
    bottleneck
Erwin transformer blocks:
0 1 2 3 4 5 
    decoder 0
Erwin transformer blocks:
0 1 2 3 4 5 
    encoder 0
Erwin transformer blocks:
0 1 2 3 4 5 
    bottleneck
Erwin transformer blocks:
0 1 2 3 4 5 
    decoder 0
Erwin transformer blocks:
0 1 2 3 4 5 
    encoder 0
Erwin transformer blocks:
0 1 2 3 4 5 
    bottleneck
Erwin transformer blocks:
0 1 2 3 4 5 
    decoder 0
Erwin transformer blocks:
0 1 2 3 4 5 
    encoder 0
Erwin transformer blocks:
0 1 2 3 4 5 
    bottleneck
Erwin transformer blocks:
0 1 2 3 4 5 
    decoder 0
Erwin transformer blocks:
0 1 2 3 4 5 
    encoder 0
Erwin transformer blocks:
0 1 2 3 4 5 
    bottleneck
Erwin transformer blocks:
0 1 2 3 4 5 
    decoder 0
Erwin transformer blocks:
0 1 2 3 4 5 
    encoder 0
Erwin transformer blocks:
0 1 2 3 4 5 
    bottleneck
Erwin transformer blocks:
0 1 2 3 4 5 
    decoder 0
Erwin transformer blocks:
0 1 2 3 4 5 
    encoder 0
Erwin transformer blocks:
0 1 2 3 4 5 
    bottleneck
Erwin transformer blocks:
0 1 2 3 4 5 
    decoder 0
Erwin transformer blocks:
0 1 2 3 4 5 
    encoder 0
Erwin transformer blocks:
0 1 2 3 4 5 
    bottleneck
Erwin transformer blocks:
0 1 2 3 4 5 
    decoder 0
Erwin transformer blocks:
0 1 2 3 4 5 
    encoder 0
Erwin transformer blocks:
0 1 2 3 4 5 
    bottleneck
Erwin transformer blocks:
0 1 2 3 4 5 
    decoder 0
Erwin transformer blocks:
0 1 2 3 4 5 
    encoder 0
Erwin transformer blocks:
0 1 2 3 4 5 
    bottleneck
Erwin transformer blocks:
0 1 2 3 4 5 
    decoder 0
Erwin transformer blocks:
0 1 2 3 4 5 
    encoder 0
Erwin transformer blocks:
0 1 2 3 4 5 
    bottleneck
Erwin transformer blocks:
0 1 2 3 4 5 
    decoder 0
Erwin transformer blocks:
0 1 2 3 4 5 
    encoder 0
Erwin transformer blocks:
0 1 2 3 4 5 
    bottleneck
Erwin transformer blocks:
0 1 2 3 4 5 
    decoder 0
Erwin transformer blocks:
0 1 2 3 4 5 
    encoder 0
Erwin transformer blocks:
0 1 2 3 4 5 
    bottleneck
Erwin transformer blocks:
0 1 2 3 4 5 
    decoder 0
Erwin transformer blocks:
0 1 2 3 4 5 
    encoder 0
Erwin transformer blocks:
0 1 2 3 4 5 
    bottleneck
Erwin transformer blocks:
0 1 2 3 4 5 
    decoder 0
Erwin transformer blocks:
0 1 2 3 4 5 
    encoder 0
Erwin transformer blocks:
0 1 2 3 4 5 
    bottleneck
Erwin transformer blocks:
0 1 2 3 4 5 
    decoder 0
Erwin transformer blocks:
0 1 2 3 4 5 
    encoder 0
Erwin transformer blocks:
0 1 2 3 4 5 
    bottleneck
Erwin transformer blocks:
0 1 2 3 4 5 
    decoder 0
Erwin transformer blocks:
0 1 2 3 4 5 
    encoder 0
Erwin transformer blocks:
0 1 2 3 4 5 
    bottleneck
Erwin transformer blocks:
0 1 2 3 4 5 
    decoder 0
Erwin transformer blocks:
0 1 2 3 4 5 
    encoder 0
Erwin transformer blocks:
0 1 2 3 4 5 
    bottleneck
Erwin transformer blocks:
0 1 2 3 4 5 
    decoder 0
Erwin transformer blocks:
0 1 2 3 4 5 
    encoder 0
Erwin transformer blocks:
0 1 2 3 4 5 
    bottleneck
Erwin transformer blocks:
0 1 2 3 4 5 
    decoder 0
Erwin transformer blocks:
0 1 2 3 4 5 
    encoder 0
Erwin transformer blocks:
0 1 2 3 4 5 
    bottleneck
Erwin transformer blocks:
0 1 2 3 4 5 
    decoder 0
Erwin transformer blocks:
0 1 2 3 4 5 
    encoder 0
Erwin transformer blocks:
0 1 2 3 4 5 
    bottleneck
Erwin transformer blocks:
0 1 2 3 4 5 
    decoder 0
Erwin transformer blocks:
0 1 2 3 4 5 
    encoder 0
Erwin transformer blocks:
0 1 2 3 4 5 
    bottleneck
Erwin transformer blocks:
0 1 2 3 4 5 
    decoder 0
Erwin transformer blocks:
0 1 2 3 4 5 
    encoder 0
Erwin transformer blocks:
0 1 2 3 4 5 
    bottleneck
Erwin transformer blocks:
0 1 2 3 4 5 
    decoder 0
Erwin transformer blocks:
0 1 2 3 4 5 
    encoder 0
Erwin transformer blocks:
0 1 2 3 4 5 
    bottleneck
Erwin transformer blocks:
0 1 2 3 4 5 
    decoder 0
Erwin transformer blocks:
0 1 2 3 4 5 
    encoder 0
Erwin transformer blocks:
0 1 2 3 4 5 
    bottleneck
Erwin transformer blocks:
0 1 2 3 4 5 
    decoder 0
Erwin transformer blocks:
0 1 2 3 4 5 
    encoder 0
Erwin transformer blocks:
0 1 2 3 4 5 
    bottleneck
Erwin transformer blocks:
0 1 2 3 4 5 
    decoder 0
Erwin transformer blocks:
0 1 2 3 4 5 
    encoder 0
Erwin transformer blocks:
0 1 2 3 4 5 
    bottleneck
Erwin transformer blocks:
0 1 2 3 4 5 
    decoder 0
Erwin transformer blocks:
0 1 2 3 4 5 
    encoder 0
Erwin transformer blocks:
0 1 2 3 4 5 
    bottleneck
Erwin transformer blocks:
0 1 2 3 4 5 
    decoder 0
Erwin transformer blocks:
0 1 2 3 4 5 
    encoder 0
Erwin transformer blocks:
0 1 2 3 4 5 
    bottleneck
Erwin transformer blocks:
0 1 2 3 4 5 
    decoder 0
Erwin transformer blocks:
0 1 2 3 4 5 
    encoder 0
Erwin transformer blocks:
0 1 2 3 4 5 
    bottleneck
Erwin transformer blocks:
0 1 2 3 4 5 
    decoder 0
Erwin transformer blocks:
0 1 2 3 4 5 
    encoder 0
Erwin transformer blocks:
0 1 2 3 4 5 
    bottleneck
Erwin transformer blocks:
0 1 2 3 4 5 
    decoder 0
Erwin transformer blocks:
0 1 2 3 4 5 
    encoder 0
Erwin transformer blocks:
0 1 2 3 4 5 
    bottleneck
Erwin transformer blocks:
0 1 2 3 4 5 
    decoder 0
Erwin transformer blocks:
0 1 2 3 4 5 
    encoder 0
Erwin transformer blocks:
0 1 2 3 4 5 
    bottleneck
Erwin transformer blocks:
0 1 2 3 4 5 
    decoder 0
Erwin transformer blocks:
0 1 2 3 4 5 
    encoder 0
Erwin transformer blocks:
0 1 2 3 4 5 
    bottleneck
Erwin transformer blocks:
0 1 2 3 4 5 
    decoder 0
Erwin transformer blocks:
0 1 2 3 4 5 
    encoder 0
Erwin transformer blocks:
0 1 2 3 4 5 
    bottleneck
Erwin transformer blocks:
0 1 2 3 4 5 
    decoder 0
Erwin transformer blocks:
0 1 2 3 4 5 
    encoder 0
Erwin transformer blocks:
0 1 2 3 4 5 
    bottleneck
Erwin transformer blocks:
0 1 2 3 4 5 
    decoder 0
Erwin transformer blocks:
0 1 2 3 4 5 
    encoder 0
Erwin transformer blocks:
0 1 2 3 4 5 
    bottleneck
Erwin transformer blocks:
0 1 2 3 4 5 
    decoder 0
Erwin transformer blocks:
0 1 2 3 4 5 
    encoder 0
Erwin transformer blocks:
0 1 2 3 4 5 
    bottleneck
Erwin transformer blocks:
0 1 2 3 4 5 
    decoder 0
Erwin transformer blocks:
0 1 2 3 4 5 
    encoder 0
Erwin transformer blocks:
0 1 2 3 4 5 
    bottleneck
Erwin transformer blocks:
0 1 2 3 4 5 
    decoder 0
Erwin transformer blocks:
0 1 2 3 4 5 
    encoder 0
Erwin transformer blocks:
0 1 2 3 4 5 
    bottleneck
Erwin transformer blocks:
0 1 2 3 4 5 
    decoder 0
Erwin transformer blocks:
0 1 2 3 4 5 
    encoder 0
Erwin transformer blocks:
0 1 2 3 4 5 
    bottleneck
Erwin transformer blocks:
0 1 2 3 4 5 
    decoder 0
Erwin transformer blocks:
0 1 2 3 4 5 
    encoder 0
Erwin transformer blocks:
0 1 2 3 4 5 
    bottleneck
Erwin transformer blocks:
0 1 2 3 4 5 
    decoder 0
Erwin transformer blocks:
0 1 2 3 4 5 
    encoder 0
Erwin transformer blocks:
0 1 2 3 4 5 
    bottleneck
Erwin transformer blocks:
0 1 2 3 4 5 
    decoder 0
Erwin transformer blocks:
0 1 2 3 4 5 
    encoder 0
Erwin transformer blocks:
0 1 2 3 4 5 
    bottleneck
Erwin transformer blocks:
0 1 2 3 4 5 
    decoder 0
Erwin transformer blocks:
0 1 2 3 4 5 
    encoder 0
Erwin transformer blocks:
0 1 2 3 4 5 
    bottleneck
Erwin transformer blocks:
0 1 2 3 4 5 
    decoder 0
Erwin transformer blocks:
0 1 2 3 4 5 
    encoder 0
Erwin transformer blocks:
0 1 2 3 4 5 
    bottleneck
Erwin transformer blocks:
0 1 2 3 4 5 
    decoder 0
Erwin transformer blocks:
0 1 2 3 4 5 
    encoder 0
Erwin transformer blocks:
0 1 2 3 4 5 
    bottleneck
Erwin transformer blocks:
0 1 2 3 4 5 
    decoder 0
Erwin transformer blocks:
0 1 2 3 4 5 
    encoder 0
Erwin transformer blocks:
0 1 2 3 4 5 
    bottleneck
Erwin transformer blocks:
0 1 2 3 4 5 
    decoder 0
Erwin transformer blocks:
0 1 2 3 4 5 
    encoder 0
Erwin transformer blocks:
0 1 2 3 4 5 
    bottleneck
Erwin transformer blocks:
0 1 2 3 4 5 
    decoder 0
Erwin transformer blocks:
0 1 2 3 4 5 
    encoder 0
Erwin transformer blocks:
0 1 2 3 4 5 
    bottleneck
Erwin transformer blocks:
0 1 2 3 4 5 
    decoder 0
Erwin transformer blocks:
0 1 2 3 4 5 
    encoder 0
Erwin transformer blocks:
0 1 2 3 4 5 
    bottleneck
Erwin transformer blocks:
0 1 2 3 4 5 
    decoder 0
Erwin transformer blocks:
0 1 2 3 4 5 
    encoder 0
Erwin transformer blocks:
0 1 2 3 4 5 
    bottleneck
Erwin transformer blocks:
0 1 2 3 4 5 
    decoder 0
Erwin transformer blocks:
0 1 2 3 4 5 
    encoder 0
Erwin transformer blocks:
0 1 2 3 4 5 
    bottleneck
Erwin transformer blocks:
0 1 2 3 4 5 
    decoder 0
Erwin transformer blocks:
0 1 2 3 4 5 
    encoder 0
Erwin transformer blocks:
0 1 2 3 4 5 
    bottleneck
Erwin transformer blocks:
0 1 2 3 4 5 
    decoder 0
Erwin transformer blocks:
0 1 2 3 4 5 
    encoder 0
Erwin transformer blocks:
0 1 2 3 4 5 
    bottleneck
Erwin transformer blocks:
0 1 2 3 4 5 
    decoder 0
Erwin transformer blocks:
0 1 2 3 4 5 
    encoder 0
Erwin transformer blocks:
0 1 2 3 4 5 
    bottleneck
Erwin transformer blocks:
0 1 2 3 4 5 
    decoder 0
Erwin transformer blocks:
0 1 2 3 4 5 
    encoder 0
Erwin transformer blocks:
0 1 2 3 4 5 
    bottleneck
Erwin transformer blocks:
0 1 2 3 4 5 
    decoder 0
Erwin transformer blocks:
0 1 2 3 4 5 
    encoder 0
Erwin transformer blocks:
0 1 2 3 4 5 
    bottleneck
Erwin transformer blocks:
0 1 2 3 4 5 
    decoder 0
Erwin transformer blocks:
0 1 2 3 4 5 
    encoder 0
Erwin transformer blocks:
0 1 2 3 4 5 
    bottleneck
Erwin transformer blocks:
0 1 2 3 4 5 
    decoder 0
Erwin transformer blocks:
0 1 2 3 4 5 
    encoder 0
Erwin transformer blocks:
0 1 2 3 4 5 
    bottleneck
Erwin transformer blocks:
0 1 2 3 4 5 
    decoder 0
Erwin transformer blocks:
0 1 2 3 4 5 
    encoder 0
Erwin transformer blocks:
0 1 2 3 4 5 
    bottleneck
Erwin transformer blocks:
0 1 2 3 4 5 
    decoder 0
Erwin transformer blocks:
0 1 2 3 4 5 
    encoder 0
Erwin transformer blocks:
0 1 2 3 4 5 
    bottleneck
Erwin transformer blocks:
0 1 2 3 4 5 
    decoder 0
Erwin transformer blocks:
0 1 2 3 4 5 
    encoder 0
Erwin transformer blocks:
0 1 2 3 4 5 
    bottleneck
Erwin transformer blocks:
0 1 2 3 4 5 
    decoder 0
Erwin transformer blocks:
0 1 2 3 4 5 
    encoder 0
Erwin transformer blocks:
0 1 2 3 4 5 
    bottleneck
Erwin transformer blocks:
0 1 2 3 4 5 
    decoder 0
Erwin transformer blocks:
0 1 2 3 4 5 
    encoder 0
Erwin transformer blocks:
0 1 2 3 4 5 
    bottleneck
Erwin transformer blocks:
0 1 2 3 4 5 
    decoder 0
Erwin transformer blocks:
0 1 2 3 4 5 
    encoder 0
Erwin transformer blocks:
0 1 2 3 4 5 
    bottleneck
Erwin transformer blocks:
0 1 2 3 4 5 
    decoder 0
Erwin transformer blocks:
0 1 2 3 4 5 
    encoder 0
Erwin transformer blocks:
0 1 2 3 4 5 
    bottleneck
Erwin transformer blocks:
0 1 2 3 4 5 
    decoder 0
Erwin transformer blocks:
0 1 2 3 4 5 
    encoder 0
Erwin transformer blocks:
0 1 2 3 4 5 
    bottleneck
Erwin transformer blocks:
0 1 2 3 4 5 
    decoder 0
Erwin transformer blocks:
0 1 2 3 4 5 
    encoder 0
Erwin transformer blocks:
0 1 2 3 4 5 
    bottleneck
Erwin transformer blocks:
0 1 2 3 4 5 
    decoder 0
Erwin transformer blocks:
0 1 2 3 4 5 
    encoder 0
Erwin transformer blocks:
0 1 2 3 4 5 
    bottleneck
Erwin transformer blocks:
0 1 2 3 4 5 
    decoder 0
Erwin transformer blocks:
0 1 2 3 4 5 
    encoder 0
Erwin transformer blocks:
0 1 2 3 4 5 
    bottleneck
Erwin transformer blocks:
0 1 2 3 4 5 
    decoder 0
Erwin transformer blocks:
0 1 2 3 4 5 
    encoder 0
Erwin transformer blocks:
0 1 2 3 4 5 
    bottleneck
Erwin transformer blocks:
0 1 2 3 4 5 
    decoder 0
Erwin transformer blocks:
0 1 2 3 4 5 
    encoder 0
Erwin transformer blocks:
0 1 2 3 4 5 
    bottleneck
Erwin transformer blocks:
0 1 2 3 4 5 
    decoder 0
Erwin transformer blocks:
0 1 2 3 4 5 
    encoder 0
Erwin transformer blocks:
0 1 2 3 4 5 
    bottleneck
Erwin transformer blocks:
0 1 2 3 4 5 
    decoder 0
Erwin transformer blocks:
0 1 2 3 4 5 
    encoder 0
Erwin transformer blocks:
0 1 2 3 4 5 
    bottleneck
Erwin transformer blocks:
0 1 2 3 4 5 
    decoder 0
Erwin transformer blocks:
0 1 2 3 4 5 
    encoder 0
Erwin transformer blocks:
0 1 2 3 4 5 
    bottleneck
Erwin transformer blocks:
0 1 2 3 4 5 
    decoder 0
Erwin transformer blocks:
0 1 2 3 4 5 
    encoder 0
Erwin transformer blocks:
0 1 2 3 4 5 
    bottleneck
Erwin transformer blocks:
0 1 2 3 4 5 
    decoder 0
Erwin transformer blocks:
0 1 2 3 4 5 
    encoder 0
Erwin transformer blocks:
0 1 2 3 4 5 
    bottleneck
Erwin transformer blocks:
0 1 2 3 4 5 
    decoder 0
Erwin transformer blocks:
0 1 2 3 4 5 
    encoder 0
Erwin transformer blocks:
0 1 2 3 4 5 
    bottleneck
Erwin transformer blocks:
0 1 2 3 4 5 
    decoder 0
Erwin transformer blocks:
0 1 2 3 4 5 
    encoder 0
Erwin transformer blocks:
0 1 2 3 4 5 
    bottleneck
Erwin transformer blocks:
0 1 2 3 4 5 
    decoder 0
Erwin transformer blocks:
0 1 2 3 4 5 
    encoder 0
Erwin transformer blocks:
0 1 2 3 4 5 
    bottleneck
Erwin transformer blocks:
0 1 2 3 4 5 
    decoder 0
Erwin transformer blocks:
0 1 2 3 4 5 
    encoder 0
Erwin transformer blocks:
0 1 2 3 4 5 
    bottleneck
Erwin transformer blocks:
0 1 2 3 4 5 
    decoder 0
Erwin transformer blocks:
0 1 2 3 4 5 
    encoder 0
Erwin transformer blocks:
0 1 2 3 4 5 
    bottleneck
Erwin transformer blocks:
0 1 2 3 4 5 
    decoder 0
Erwin transformer blocks:
0 1 2 3 4 5 
    encoder 0
Erwin transformer blocks:
0 1 2 3 4 5 
    bottleneck
Erwin transformer blocks:
0 1 2 3 4 5 
    decoder 0
Erwin transformer blocks:
0 1 2 3 4 5 
    encoder 0
Erwin transformer blocks:
0 1 2 3 4 5 
    bottleneck
Erwin transformer blocks:
0 1 2 3 4 5 
    decoder 0
Erwin transformer blocks:
0 1 2 3 4 5 
    encoder 0
Erwin transformer blocks:
0 1 2 3 4 5 
    bottleneck
Erwin transformer blocks:
0 1 2 3 4 5 
    decoder 0
Erwin transformer blocks:
0 1 2 3 4 5 
    encoder 0
Erwin transformer blocks:
0 1 2 3 4 5 
    bottleneck
Erwin transformer blocks:
0 1 2 3 4 5 
    decoder 0
Erwin transformer blocks:
0 1 2 3 4 5 
    encoder 0
Erwin transformer blocks:
0 1 2 3 4 5 
    bottleneck
Erwin transformer blocks:
0 1 2 3 4 5 
    decoder 0
Erwin transformer blocks:
0 1 2 3 4 5 
    encoder 0
Erwin transformer blocks:
0 1 2 3 4 5 
    bottleneck
Erwin transformer blocks:
0 1 2 3 4 5 
    decoder 0
Erwin transformer blocks:
0 1 2 3 4 5 
    encoder 0
Erwin transformer blocks:
0 1 2 3 4 5 
    bottleneck
Erwin transformer blocks:
0 1 2 3 4 5 
    decoder 0
Erwin transformer blocks:
0 1 2 3 4 5 
    encoder 0
Erwin transformer blocks:
0 1 2 3 4 5 
    bottleneck
Erwin transformer blocks:
0 1 2 3 4 5 
    decoder 0
Erwin transformer blocks:
0 1 2 3 4 5 
    encoder 0
Erwin transformer blocks:
0 1 2 3 4 5 
    bottleneck
Erwin transformer blocks:
0 1 2 3 4 5 
    decoder 0
Erwin transformer blocks:
0 1 2 3 4 5 
    encoder 0
Erwin transformer blocks:
0 1 2 3 4 5 
    bottleneck
Erwin transformer blocks:
0 1 2 3 4 5 
    decoder 0
Erwin transformer blocks:
0 1 2 3 4 5 
    encoder 0
Erwin transformer blocks:
0 1 2 3 4 5 
    bottleneck
Erwin transformer blocks:
0 1 2 3 4 5 
    decoder 0
Erwin transformer blocks:
0 1 2 3 4 5 
    encoder 0
Erwin transformer blocks:
0 1 2 3 4 5 
    bottleneck
Erwin transformer blocks:
0 1 2 3 4 5 
    decoder 0
Erwin transformer blocks:
0 1 2 3 4 5 
    encoder 0
Erwin transformer blocks:
0 1 2 3 4 5 
    bottleneck
Erwin transformer blocks:
0 1 2 3 4 5 
    decoder 0
Erwin transformer blocks:
0 1 2 3 4 5 
    encoder 0
Erwin transformer blocks:
0 1 2 3 4 5 
    bottleneck
Erwin transformer blocks:
0 1 2 3 4 5 
    decoder 0
Erwin transformer blocks:
0 1 2 3 4 5 
    encoder 0
Erwin transformer blocks:
0 1 2 3 4 5 
    bottleneck
Erwin transformer blocks:
0 1 2 3 4 5 
    decoder 0
Erwin transformer blocks:
0 1 2 3 4 5 
    encoder 0
Erwin transformer blocks:
0 1 2 3 4 5 
    bottleneck
Erwin transformer blocks:
0 1 2 3 4 5 
    decoder 0
Erwin transformer blocks:
0 1 2 3 4 5 
    encoder 0
Erwin transformer blocks:
0 1 2 3 4 5 
    bottleneck
Erwin transformer blocks:
0 1 2 3 4 5 
    decoder 0
Erwin transformer blocks:
0 1 2 3 4 5 
    encoder 0
Erwin transformer blocks:
0 1 2 3 4 5 
    bottleneck
Erwin transformer blocks:
0 1 2 3 4 5 
    decoder 0
Erwin transformer blocks:
0 1 2 3 4 5 
    encoder 0
Erwin transformer blocks:
0 1 2 3 4 5 
    bottleneck
Erwin transformer blocks:
0 1 2 3 4 5 
    decoder 0
Erwin transformer blocks:
0 1 2 3 4 5 
    encoder 0
Erwin transformer blocks:
0 1 2 3 4 5 
    bottleneck
Erwin transformer blocks:
0 1 2 3 4 5 
    decoder 0
Erwin transformer blocks:
0 1 2 3 4 5 
    encoder 0
Erwin transformer blocks:
0 1 2 3 4 5 
    bottleneck
Erwin transformer blocks:
0 1 2 3 4 5 
    decoder 0
Erwin transformer blocks:
0 1 2 3 4 5 
    encoder 0
Erwin transformer blocks:
0 1 2 3 4 5 
    bottleneck
Erwin transformer blocks:
0 1 2 3 4 5 
    decoder 0
Erwin transformer blocks:
0 1 2 3 4 5 
    encoder 0
Erwin transformer blocks:
0 1 2 3 4 5 
    bottleneck
Erwin transformer blocks:
0 1 2 3 4 5 
    decoder 0
Erwin transformer blocks:
0 1 2 3 4 5 
    encoder 0
Erwin transformer blocks:
0 1 2 3 4 5 
    bottleneck
Erwin transformer blocks:
0 1 2 3 4 5 
    decoder 0
Erwin transformer blocks:
0 1 2 3 4 5 
    encoder 0
Erwin transformer blocks:
0 1 2 3 4 5 
    bottleneck
Erwin transformer blocks:
0 1 2 3 4 5 
    decoder 0
Erwin transformer blocks:
0 1 2 3 4 5 
    encoder 0
Erwin transformer blocks:
0 1 2 3 4 5 
    bottleneck
Erwin transformer blocks:
0 1 2 3 4 5 
    decoder 0
Erwin transformer blocks:
0 1 2 3 4 5 
    encoder 0
Erwin transformer blocks:
0 1 2 3 4 5 
    bottleneck
Erwin transformer blocks:
0 1 2 3 4 5 
    decoder 0
Erwin transformer blocks:
0 1 2 3 4 5 
    encoder 0
Erwin transformer blocks:
0 1 2 3 4 5 
    bottleneck
Erwin transformer blocks:
0 1 2 3 4 5 
    decoder 0
Erwin transformer blocks:
0 1 2 3 4 5 
    encoder 0
Erwin transformer blocks:
0 1 2 3 4 5 
    bottleneck
Erwin transformer blocks:
0 1 2 3 4 5 
    decoder 0
Erwin transformer blocks:
0 1 2 3 4 5 
    encoder 0
Erwin transformer blocks:
0 1 2 3 4 5 
    bottleneck
Erwin transformer blocks:
0 1 2 3 4 5 
    decoder 0
Erwin transformer blocks:
0 1 2 3 4 5 
    encoder 0
Erwin transformer blocks:
0 1 2 3 4 5 
    bottleneck
Erwin transformer blocks:
0 1 2 3 4 5 
    decoder 0
Erwin transformer blocks:
0 1 2 3 4 5 
    encoder 0
Erwin transformer blocks:
0 1 2 3 4 5 
    bottleneck
Erwin transformer blocks:
0 1 2 3 4 5 
    decoder 0
Erwin transformer blocks:
0 1 2 3 4 5 
    encoder 0
Erwin transformer blocks:
0 1 2 3 4 5 
    bottleneck
Erwin transformer blocks:
0 1 2 3 4 5 
    decoder 0
Erwin transformer blocks:
0 1 2 3 4 5 
    encoder 0
Erwin transformer blocks:
0 1 2 3 4 5 
    bottleneck
Erwin transformer blocks:
0 1 2 3 4 5 
    decoder 0
Erwin transformer blocks:
0 1 2 3 4 5 
    encoder 0
Erwin transformer blocks:
0 1 2 3 4 5 
    bottleneck
Erwin transformer blocks:
0 1 2 3 4 5 
    decoder 0
Erwin transformer blocks:
0 1 2 3 4 5 
    encoder 0
Erwin transformer blocks:
0 1 2 3 4 5 
    bottleneck
Erwin transformer blocks:
0 1 2 3 4 5 
    decoder 0
Erwin transformer blocks:
0 1 2 3 4 5 
    encoder 0
Erwin transformer blocks:
0 1 2 3 4 5 
    bottleneck
Erwin transformer blocks:
0 1 2 3 4 5 
    decoder 0
Erwin transformer blocks:
0 1 2 3 4 5 
    encoder 0
Erwin transformer blocks:
0 1 2 3 4 5 
    bottleneck
Erwin transformer blocks:
0 1 2 3 4 5 
    decoder 0
Erwin transformer blocks:
0 1 2 3 4 5 
    encoder 0
Erwin transformer blocks:
0 1 2 3 4 5 
    bottleneck
Erwin transformer blocks:
0 1 2 3 4 5 
    decoder 0
Erwin transformer blocks:
0 1 2 3 4 5 
    encoder 0
Erwin transformer blocks:
0 1 2 3 4 5 
    bottleneck
Erwin transformer blocks:
0 1 2 3 4 5 
    decoder 0
Erwin transformer blocks:
0 1 2 3 4 5 
    encoder 0
Erwin transformer blocks:
0 1 2 3 4 5 
    bottleneck
Erwin transformer blocks:
0 1 2 3 4 5 
    decoder 0
Erwin transformer blocks:
0 1 2 3 4 5 
    encoder 0
Erwin transformer blocks:
0 1 2 3 4 5 
    bottleneck
Erwin transformer blocks:
0 1 2 3 4 5 
    decoder 0
Erwin transformer blocks:
0 1 2 3 4 5 
    encoder 0
Erwin transformer blocks:
0 1 2 3 4 5 
    bottleneck
Erwin transformer blocks:
0 1 2 3 4 5 
    decoder 0
Erwin transformer blocks:
0 1 2 3 4 5 
    encoder 0
Erwin transformer blocks:
0 1 2 3 4 5 
    bottleneck
Erwin transformer blocks:
0 1 2 3 4 5 
    decoder 0
Erwin transformer blocks:
0 1 2 3 4 5 
    encoder 0
Erwin transformer blocks:
0 1 2 3 4 5 
    bottleneck
Erwin transformer blocks:
0 1 2 3 4 5 
    decoder 0
Erwin transformer blocks:
0 1 2 3 4 5 
    encoder 0
Erwin transformer blocks:
0 1 2 3 4 5 
    bottleneck
Erwin transformer blocks:
0 1 2 3 4 5 
    decoder 0
Erwin transformer blocks:
0 1 2 3 4 5 
    encoder 0
Erwin transformer blocks:
0 1 2 3 4 5 
    bottleneck
Erwin transformer blocks:
0 1 2 3 4 5 
    decoder 0
Erwin transformer blocks:
0 1 2 3 4 5 
    encoder 0
Erwin transformer blocks:
0 1 2 3 4 5 
    bottleneck
Erwin transformer blocks:
0 1 2 3 4 5 
    decoder 0
Erwin transformer blocks:
0 1 2 3 4 5 
    encoder 0
Erwin transformer blocks:
0 1 2 3 4 5 
    bottleneck
Erwin transformer blocks:
0 1 2 3 4 5 
    decoder 0
Erwin transformer blocks:
0 1 2 3 4 5 
    encoder 0
Erwin transformer blocks:
0 1 2 3 4 5 
    bottleneck
Erwin transformer blocks:
0 1 2 3 4 5 
    decoder 0
Erwin transformer blocks:
0 1 2 3 4 5 
    encoder 0
Erwin transformer blocks:
0 1 2 3 4 5 
    bottleneck
Erwin transformer blocks:
0 1 2 3 4 5 
    decoder 0
Erwin transformer blocks:
0 1 2 3 4 5 
    encoder 0
Erwin transformer blocks:
0 1 2 3 4 5 
    bottleneck
Erwin transformer blocks:
0 1 2 3 4 5 
    decoder 0
Erwin transformer blocks:
0 1 2 3 4 5 
    encoder 0
Erwin transformer blocks:
0 1 2 3 4 5 
    bottleneck
Erwin transformer blocks:
0 1 2 3 4 5 
    decoder 0
Erwin transformer blocks:
0 1 2 3 4 5 
    encoder 0
Erwin transformer blocks:
0 1 2 3 4 5 
    bottleneck
Erwin transformer blocks:
0 1 2 3 4 5 
    decoder 0
Erwin transformer blocks:
0 1 2 3 4 5 
    encoder 0
Erwin transformer blocks:
0 1 2 3 4 5 
    bottleneck
Erwin transformer blocks:
0 1 2 3 4 5 
    decoder 0
Erwin transformer blocks:
0 1 2 3 4 5 
    encoder 0
Erwin transformer blocks:
0 1 2 3 4 5 
    bottleneck
Erwin transformer blocks:
0 1 2 3 4 5 
    decoder 0
Erwin transformer blocks:
0 1 2 3 4 5 
    encoder 0
Erwin transformer blocks:
0 1 2 3 4 5 
    bottleneck
Erwin transformer blocks:
0 1 2 3 4 5 
    decoder 0
Erwin transformer blocks:
0 1 2 3 4 5 
    encoder 0
Erwin transformer blocks:
0 1 2 3 4 5 
    bottleneck
Erwin transformer blocks:
0 1 2 3 4 5 
    decoder 0
Erwin transformer blocks:
0 1 2 3 4 5 
    encoder 0
Erwin transformer blocks:
0 1 2 3 4 5 
    bottleneck
Erwin transformer blocks:
0 1 2 3 4 5 
    decoder 0
Erwin transformer blocks:
0 1 2 3 4 5 
    encoder 0
Erwin transformer blocks:
0 1 2 3 4 5 
    bottleneck
Erwin transformer blocks:
0 1 2 3 4 5 
    decoder 0
Erwin transformer blocks:
0 1 2 3 4 5 
    encoder 0
Erwin transformer blocks:
0 1 2 3 4 5 
    bottleneck
Erwin transformer blocks:
0 1 2 3 4 5 
    decoder 0
Erwin transformer blocks:
0 1 2 3 4 5 
    encoder 0
Erwin transformer blocks:
0 1 2 3 4 5 
    bottleneck
Erwin transformer blocks:
0 1 2 3 4 5 
    decoder 0
Erwin transformer blocks:
0 1 2 3 4 5 
    encoder 0
Erwin transformer blocks:
0 1 2 3 4 5 
    bottleneck
Erwin transformer blocks:
0 1 2 3 4 5 
    decoder 0
Erwin transformer blocks:
0 1 2 3 4 5 
    encoder 0
Erwin transformer blocks:
0 1 2 3 4 5 
    bottleneck
Erwin transformer blocks:
0 1 2 3 4 5 
    decoder 0
Erwin transformer blocks:
0 1 2 3 4 5 
    encoder 0
Erwin transformer blocks:
0 1 2 3 4 5 
    bottleneck
Erwin transformer blocks:
0 1 2 3 4 5 
    decoder 0
Erwin transformer blocks:
0 1 2 3 4 5 
    encoder 0
Erwin transformer blocks:
0 1 2 3 4 5 
    bottleneck
Erwin transformer blocks:
0 1 2 3 4 5 
    decoder 0
Erwin transformer blocks:
0 1 2 3 4 5 
    encoder 0
Erwin transformer blocks:
0 1 2 3 4 5 
    bottleneck
Erwin transformer blocks:
0 1 2 3 4 5 
    decoder 0
Erwin transformer blocks:
0 1 2 3 4 5 
    encoder 0
Erwin transformer blocks:
0 1 2 3 4 5 
    bottleneck
Erwin transformer blocks:
0 1 2 3 4 5 
    decoder 0
Erwin transformer blocks:
0 1 2 3 4 5 
    encoder 0
Erwin transformer blocks:
0 1 2 3 4 5 
    bottleneck
Erwin transformer blocks:
0 1 2 3 4 5 
    decoder 0
Erwin transformer blocks:
0 1 2 3 4 5 
    encoder 0
Erwin transformer blocks:
0 1 2 3 4 5 
    bottleneck
Erwin transformer blocks:
0 1 2 3 4 5 
    decoder 0
Erwin transformer blocks:
0 1 2 3 4 5 
    encoder 0
Erwin transformer blocks:
0 1 2 3 4 5 
    bottleneck
Erwin transformer blocks:
0 1 2 3 4 5 
    decoder 0
Erwin transformer blocks:
0 1 2 3 4 5 
    encoder 0
Erwin transformer blocks:
0 1 2 3 4 5 
    bottleneck
Erwin transformer blocks:
0 1 2 3 4 5 
    decoder 0
Erwin transformer blocks:
0 1 2 3 4 5 
    encoder 0
Erwin transformer blocks:
0 1 2 3 4 5 
    bottleneck
Erwin transformer blocks:
0 1 2 3 4 5 
    decoder 0
Erwin transformer blocks:
0 1 2 3 4 5 
    encoder 0
Erwin transformer blocks:
0 1 2 3 4 5 
    bottleneck
Erwin transformer blocks:
0 1 2 3 4 5 
    decoder 0
Erwin transformer blocks:
0 1 2 3 4 5 
    encoder 0
Erwin transformer blocks:
0 1 2 3 4 5 
    bottleneck
Erwin transformer blocks:
0 1 2 3 4 5 
    decoder 0
Erwin transformer blocks:
0 1 2 3 4 5 
    encoder 0
Erwin transformer blocks:
0 1 2 3 4 5 
    bottleneck
Erwin transformer blocks:
0 1 2 3 4 5 
    decoder 0
Erwin transformer blocks:
0 1 2 3 4 5 
    encoder 0
Erwin transformer blocks:
0 1 2 3 4 5 
    bottleneck
Erwin transformer blocks:
0 1 2 3 4 5 
    decoder 0
Erwin transformer blocks:
0 1 2 3 4 5 
    encoder 0
Erwin transformer blocks:
0 1 2 3 4 5 
    bottleneck
Erwin transformer blocks:
0 1 2 3 4 5 
    decoder 0
Erwin transformer blocks:
0 1 2 3 4 5 
    encoder 0
Erwin transformer blocks:
0 1 2 3 4 5 
    bottleneck
Erwin transformer blocks:
0 1 2 3 4 5 
    decoder 0
Erwin transformer blocks:
0 1 2 3 4 5 
    encoder 0
Erwin transformer blocks:
0 1 2 3 4 5 
    bottleneck
Erwin transformer blocks:
0 1 2 3 4 5 
    decoder 0
Erwin transformer blocks:
0 1 2 3 4 5 
    encoder 0
Erwin transformer blocks:
0 1 2 3 4 5 
    bottleneck
Erwin transformer blocks:
0 1 2 3 4 5 
    decoder 0
Erwin transformer blocks:
0 1 2 3 4 5 
    encoder 0
Erwin transformer blocks:
0 1 2 3 4 5 
    bottleneck
Erwin transformer blocks:
0 1 2 3 4 5 
    decoder 0
Erwin transformer blocks:
0 1 2 3 4 5 
    encoder 0
Erwin transformer blocks:
0 1 2 3 4 5 
    bottleneck
Erwin transformer blocks:
0 1 2 3 4 5 
    decoder 0
Erwin transformer blocks:
0 1 2 3 4 5 
    encoder 0
Erwin transformer blocks:
0 1 2 3 4 5 
    bottleneck
Erwin transformer blocks:
0 1 2 3 4 5 
    decoder 0
Erwin transformer blocks:
0 1 2 3 4 5 
    encoder 0
Erwin transformer blocks:
0 1 2 3 4 5 
    bottleneck
Erwin transformer blocks:
0 1 2 3 4 5 
    decoder 0
Erwin transformer blocks:
0 1 2 3 4 5 
    encoder 0
Erwin transformer blocks:
0 1 2 3 4 5 
    bottleneck
Erwin transformer blocks:
0 1 2 3 4 5 
    decoder 0
Erwin transformer blocks:
0 1 2 3 4 5 
    encoder 0
Erwin transformer blocks:
0 1 2 3 4 5 
    bottleneck
Erwin transformer blocks:
0 1 2 3 4 5 
    decoder 0
Erwin transformer blocks:
0 1 2 3 4 5 
    encoder 0
Erwin transformer blocks:
0 1 2 3 4 5 
    bottleneck
Erwin transformer blocks:
0 1 2 3 4 5 
    decoder 0
Erwin transformer blocks:
0 1 2 3 4 5 
    encoder 0
Erwin transformer blocks:
0 1 2 3 4 5 
    bottleneck
Erwin transformer blocks:
0 1 2 3 4 5 
    decoder 0
Erwin transformer blocks:
0 1 2 3 4 5 
    encoder 0
Erwin transformer blocks:
0 1 2 3 4 5 
    bottleneck
Erwin transformer blocks:
0 1 2 3 4 5 
    decoder 0
Erwin transformer blocks:
0 1 2 3 4 5 
    encoder 0
Erwin transformer blocks:
0 1 2 3 4 5 
    bottleneck
Erwin transformer blocks:
0 1 2 3 4 5 
    decoder 0
Erwin transformer blocks:
0 1 2 3 4 5 
    encoder 0
Erwin transformer blocks:
0 1 2 3 4 5 
    bottleneck
Erwin transformer blocks:
0 1 2 3 4 5 
    decoder 0
Erwin transformer blocks:
0 1 2 3 4 5 
    encoder 0
Erwin transformer blocks:
0 1 2 3 4 5 
    bottleneck
Erwin transformer blocks:
0 1 2 3 4 5 
    decoder 0
Erwin transformer blocks:
0 1 2 3 4 5 
    encoder 0
Erwin transformer blocks:
0 1 2 3 4 5 
    bottleneck
Erwin transformer blocks:
0 1 2 3 4 5 
    decoder 0
Erwin transformer blocks:
0 1 2 3 4 5 
    encoder 0
Erwin transformer blocks:
0 1 2 3 4 5 
    bottleneck
Erwin transformer blocks:
0 1 2 3 4 5 
    decoder 0
Erwin transformer blocks:
0 1 2 3 4 5 
    encoder 0
Erwin transformer blocks:
0 1 2 3 4 5 
    bottleneck
Erwin transformer blocks:
0 1 2 3 4 5 
    decoder 0
Erwin transformer blocks:
0 1 2 3 4 5 
    encoder 0
Erwin transformer blocks:
0 1 2 3 4 5 
    bottleneck
Erwin transformer blocks:
0 1 2 3 4 5 
    decoder 0
Erwin transformer blocks:
0 1 2 3 4 5 
    encoder 0
Erwin transformer blocks:
0 1 2 3 4 5 
    bottleneck
Erwin transformer blocks:
0 1 2 3 4 5 
    decoder 0
Erwin transformer blocks:
0 1 2 3 4 5 
    encoder 0
Erwin transformer blocks:
0 1 2 3 4 5 
    bottleneck
Erwin transformer blocks:
0 1 2 3 4 5 
    decoder 0
Erwin transformer blocks:
0 1 2 3 4 5 
    encoder 0
Erwin transformer blocks:
0 1 2 3 4 5 
    bottleneck
Erwin transformer blocks:
0 1 2 3 4 5 
    decoder 0
Erwin transformer blocks:
0 1 2 3 4 5 
    encoder 0
Erwin transformer blocks:
0 1 2 3 4 5 
    bottleneck
Erwin transformer blocks:
0 1 2 3 4 5 
    decoder 0
Erwin transformer blocks:
0 1 2 3 4 5 
    encoder 0
Erwin transformer blocks:
0 1 2 3 4 5 
    bottleneck
Erwin transformer blocks:
0 1 2 3 4 5 
    decoder 0
Erwin transformer blocks:
0 1 2 3 4 5 
    encoder 0
Erwin transformer blocks:
0 1 2 3 4 5 
    bottleneck
Erwin transformer blocks:
0 1 2 3 4 5 
    decoder 0
Erwin transformer blocks:
0 1 2 3 4 5 
    encoder 0
Erwin transformer blocks:
0 1 2 3 4 5 
    bottleneck
Erwin transformer blocks:
0 1 2 3 4 5 
    decoder 0
Erwin transformer blocks:
0 1 2 3 4 5 [1;34mwandb[0m: 
[1;34mwandb[0m: 🚀 View run [33merwin_shapenet[0m at: [34mhttps://wandb.ai/fragmential-university-of-amsterdam/ballformer/runs/anphqsjb[0m
[1;34mwandb[0m: Find logs at: [1;35mwandb/run-20250425_182122-anphqsjb/logs[0m

JOB STATISTICS
==============
Job ID: 11388827
Cluster: snellius
User/Group: scur2588/scur2588
State: RUNNING
Nodes: 1
Cores per node: 18
CPU Utilized: 00:00:00
CPU Efficiency: 0.00% of 00:21:18 core-walltime
Job Wall-clock time: 00:01:11
Memory Utilized: 0.00 MB
Memory Efficiency: 0.00% of 120.00 GB (120.00 GB/node)
WARNING: Efficiency statistics can only be obtained after the job has ended as seff tool is based on the accounting database data.
