Traceback (most recent call last):
  File "/gpfs/home5/scur2588/team_git/erwin/experiments/train_shapenet.py", line 12, in <module>
    from erwin.models.erwin import ErwinTransformer
  File "/gpfs/home5/scur2588/team_git/erwin/experiments/../../erwin/models/__init__.py", line 1, in <module>
    from .erwin import ErwinTransformer
  File "/gpfs/home5/scur2588/team_git/erwin/experiments/../../erwin/models/erwin.py", line 10, in <module>
    from native_sparse_attention import SparseAttention # local file
ModuleNotFoundError: No module named 'native_sparse_attention'

JOB STATISTICS
==============
Job ID: 11388041
Cluster: snellius
User/Group: scur2588/scur2588
State: RUNNING
Nodes: 1
Cores per node: 18
CPU Utilized: 00:00:00
CPU Efficiency: 0.00% of 00:04:48 core-walltime
Job Wall-clock time: 00:00:16
Memory Utilized: 0.00 MB
Memory Efficiency: 0.00% of 120.00 GB (120.00 GB/node)
WARNING: Efficiency statistics can only be obtained after the job has ended as seff tool is based on the accounting database data.
