2025-04-25 17:55:49.942755: I tensorflow/core/util/port.cc:153] oneDNN custom operations are on. You may see slightly different numerical results due to floating-point round-off errors from different computation orders. To turn them off, set the environment variable `TF_ENABLE_ONEDNN_OPTS=0`.
2025-04-25 17:55:50.036400: E external/local_xla/xla/stream_executor/cuda/cuda_fft.cc:467] Unable to register cuFFT factory: Attempting to register factory for plugin cuFFT when one has already been registered
WARNING: All log messages before absl::InitializeLog() is called are written to STDERR
E0000 00:00:1745596550.079971 2501446 cuda_dnn.cc:8579] Unable to register cuDNN factory: Attempting to register factory for plugin cuDNN when one has already been registered
E0000 00:00:1745596550.090765 2501446 cuda_blas.cc:1407] Unable to register cuBLAS factory: Attempting to register factory for plugin cuBLAS when one has already been registered
W0000 00:00:1745596550.158275 2501446 computation_placer.cc:177] computation placer already registered. Please check linkage and avoid linking the same target more than once.
W0000 00:00:1745596550.158325 2501446 computation_placer.cc:177] computation placer already registered. Please check linkage and avoid linking the same target more than once.
W0000 00:00:1745596550.158331 2501446 computation_placer.cc:177] computation placer already registered. Please check linkage and avoid linking the same target more than once.
W0000 00:00:1745596550.158337 2501446 computation_placer.cc:177] computation placer already registered. Please check linkage and avoid linking the same target more than once.
2025-04-25 17:55:50.166145: I tensorflow/core/platform/cpu_feature_guard.cc:210] This TensorFlow binary is optimized to use available CPU instructions in performance-critical operations.
To enable the following instructions: AVX2 AVX512F AVX512_VNNI FMA, in other operations, rebuild TensorFlow with the appropriate compiler flags.
using LucidRains
Traceback (most recent call last):
  File "/gpfs/home5/scur2588/team_git/erwin/experiments/train_shapenet.py", line 136, in <module>
    main_model = model_cls[args.model](**model_config)
  File "/gpfs/home5/scur2588/team_git/erwin/experiments/../../erwin/models/erwin.py", line 465, in __init__
    BasicLayer(
  File "/gpfs/home5/scur2588/team_git/erwin/experiments/../../erwin/models/erwin.py", line 378, in __init__
    self.blocks = nn.ModuleList([ErwinTransformerBlock(dim, num_heads, ball_size, mlp_ratio, dimensionality) for _ in range(depth)])
  File "/gpfs/home5/scur2588/team_git/erwin/experiments/../../erwin/models/erwin.py", line 378, in <listcomp>
    self.blocks = nn.ModuleList([ErwinTransformerBlock(dim, num_heads, ball_size, mlp_ratio, dimensionality) for _ in range(depth)])
  File "/gpfs/home5/scur2588/team_git/erwin/experiments/../../erwin/models/erwin.py", line 354, in __init__
    self.BMSA = MSABase(dim, num_heads, ball_size, dimensionality)
  File "/gpfs/home5/scur2588/team_git/erwin/experiments/../../erwin/models/erwin.py", line 313, in __init__
    self.sparse_attn = SparseAttention(
  File "/gpfs/home5/scur2588/team_git/erwin/experiments/../../erwin/models/native_sparse_attention.py", line 208, in __init__
    self.rotary_emb = RotaryEmbedding(dim_head)
  File "/gpfs/home5/scur2588/team_git/erwin/erwin/lib64/python3.9/site-packages/rotary_embedding_torch/rotary_embedding_torch.py", line 119, in __init__
    freqs = 1. / (theta ** (torch.arange(0, dim, 2)[:(dim // 2)].float() / dim))
TypeError: slice indices must be integers or None or have an __index__ method

JOB STATISTICS
==============
Job ID: 11388407
Cluster: snellius
User/Group: scur2588/scur2588
State: RUNNING
Nodes: 1
Cores per node: 18
CPU Utilized: 00:00:00
CPU Efficiency: 0.00% of 00:11:42 core-walltime
Job Wall-clock time: 00:00:39
Memory Utilized: 0.00 MB
Memory Efficiency: 0.00% of 120.00 GB (120.00 GB/node)
WARNING: Efficiency statistics can only be obtained after the job has ended as seff tool is based on the accounting database data.
