2025-04-25 17:29:11.676077: I tensorflow/core/util/port.cc:153] oneDNN custom operations are on. You may see slightly different numerical results due to floating-point round-off errors from different computation orders. To turn them off, set the environment variable `TF_ENABLE_ONEDNN_OPTS=0`.
2025-04-25 17:29:11.812391: E external/local_xla/xla/stream_executor/cuda/cuda_fft.cc:467] Unable to register cuFFT factory: Attempting to register factory for plugin cuFFT when one has already been registered
WARNING: All log messages before absl::InitializeLog() is called are written to STDERR
E0000 00:00:1745594951.861679 1048685 cuda_dnn.cc:8579] Unable to register cuDNN factory: Attempting to register factory for plugin cuDNN when one has already been registered
E0000 00:00:1745594951.879245 1048685 cuda_blas.cc:1407] Unable to register cuBLAS factory: Attempting to register factory for plugin cuBLAS when one has already been registered
W0000 00:00:1745594951.978583 1048685 computation_placer.cc:177] computation placer already registered. Please check linkage and avoid linking the same target more than once.
W0000 00:00:1745594951.978629 1048685 computation_placer.cc:177] computation placer already registered. Please check linkage and avoid linking the same target more than once.
W0000 00:00:1745594951.978635 1048685 computation_placer.cc:177] computation placer already registered. Please check linkage and avoid linking the same target more than once.
W0000 00:00:1745594951.978641 1048685 computation_placer.cc:177] computation placer already registered. Please check linkage and avoid linking the same target more than once.
2025-04-25 17:29:11.986370: I tensorflow/core/platform/cpu_feature_guard.cc:210] This TensorFlow binary is optimized to use available CPU instructions in performance-critical operations.
To enable the following instructions: AVX2 AVX512F AVX512_VNNI FMA, in other operations, rebuild TensorFlow with the appropriate compiler flags.
Traceback (most recent call last):
  File "/gpfs/home5/scur2588/team_git/erwin/experiments/train_shapenet.py", line 136, in <module>
    main_model = model_cls[args.model](**model_config)
  File "/gpfs/home5/scur2588/team_git/erwin/experiments/../../erwin/models/erwin.py", line 455, in __init__
    BasicLayer(
  File "/gpfs/home5/scur2588/team_git/erwin/experiments/../../erwin/models/erwin.py", line 370, in __init__
    self.blocks = nn.ModuleList([ErwinTransformerBlock(dim, num_heads, ball_size, mlp_ratio, dimensionality) for _ in range(depth)])
  File "/gpfs/home5/scur2588/team_git/erwin/experiments/../../erwin/models/erwin.py", line 370, in <listcomp>
    self.blocks = nn.ModuleList([ErwinTransformerBlock(dim, num_heads, ball_size, mlp_ratio, dimensionality) for _ in range(depth)])
  File "/gpfs/home5/scur2588/team_git/erwin/experiments/../../erwin/models/erwin.py", line 343, in __init__
    MSABase = {"BallMSA":BallMSA, "NSAMSA":NSAMSA, "VanillaNSA":VanillaNSA}[MSATYPE]
KeyError: 'VanillaMSA'

JOB STATISTICS
==============
Job ID: 11388084
Cluster: snellius
User/Group: scur2588/scur2588
State: FAILED (exit code 1)
Nodes: 1
Cores per node: 18
CPU Utilized: 00:00:13
CPU Efficiency: 2.78% of 00:07:48 core-walltime
Job Wall-clock time: 00:00:26
Memory Utilized: 1.58 MB
Memory Efficiency: 0.00% of 120.00 GB (120.00 GB/node)
